[1723018337.481][INFO]: Starting ChromeDriver 127.0.6533.99 (f31af5097d90ef5ae5bd7b8700199bc6189ba34d-refs/branch-heads/6533@{#1910}) on port 25461
[1723018337.481][INFO]: Please see https://chromedriver.chromium.org/security-considerations for suggestions on keeping ChromeDriver safe.
[1723018337.634][INFO]: [7ef5e2645b7fc2f0467b1a5302b80ddf] COMMAND InitSession {
   "capabilities": {
      "firstMatch": [ {
         "browserName": "chrome",
         "goog:chromeOptions": {
            "args": [ "--remote-allow-origins=*" ],
            "binary": "C:\\Program Files\\Google\\Chrome\\Application\\chrome.exe",
            "extensions": [  ]
         },
         "goog:loggingPrefs": {
            "browser": "ALL",
            "driver": "ALL"
         }
      } ]
   }
}
[1723018337.635][INFO]: Populating Preferences file: {
   "alternate_error_pages": {
      "enabled": false
   },
   "autofill": {
      "enabled": false
   },
   "browser": {
      "check_default_browser": false
   },
   "distribution": {
      "import_bookmarks": false,
      "import_history": false,
      "import_search_engine": false,
      "make_chrome_default_for_user": false,
      "skip_first_run_ui": true
   },
   "dns_prefetching": {
      "enabled": false
   },
   "profile": {
      "content_settings": {
         "pattern_pairs": {
            "https://*,*": {
               "media-stream": {
                  "audio": "Default",
                  "video": "Default"
               }
            }
         }
      },
      "default_content_setting_values": {
         "geolocation": 1
      },
      "default_content_settings": {
         "geolocation": 1,
         "mouselock": 1,
         "notifications": 1,
         "popups": 1,
         "ppapi-broker": 1
      },
      "password_manager_enabled": false
   },
   "safebrowsing": {
      "enabled": false
   },
   "search": {
      "suggest_enabled": false
   },
   "translate": {
      "enabled": false
   }
}
[1723018337.635][INFO]: Populating Local State file: {
   "background_mode": {
      "enabled": false
   },
   "ssl": {
      "rev_checking": {
         "enabled": false
      }
   }
}
[1723018337.637][INFO]: ChromeDriver supports communication with Chrome via pipes. This is more reliable and more secure.
[1723018337.637][INFO]: Use the --remote-debugging-pipe Chrome switch instead of the default --remote-debugging-port to enable this communication mode.
[1723018337.638][INFO]: Launching chrome: "C:\Program Files\Google\Chrome\Application\chrome.exe" --allow-pre-commit-input --disable-background-networking --disable-backgrounding-occluded-windows --disable-client-side-phishing-detection --disable-default-apps --disable-hang-monitor --disable-popup-blocking --disable-prompt-on-repost --disable-sync --enable-automation --enable-logging --log-level=0 --no-first-run --no-service-autorun --password-store=basic --remote-allow-origins=* --remote-debugging-port=0 --test-type=webdriver --use-mock-keychain --user-data-dir="C:\Users\7N\AppData\Local\Temp\scoped_dir15216_2096628832" data:,
[1723018338.249][INFO]: resolved localhost to ["::1","127.0.0.1"]
[1723018338.261][INFO]: [7ef5e2645b7fc2f0467b1a5302b80ddf] RESPONSE InitSession {
   "capabilities": {
      "acceptInsecureCerts": false,
      "browserName": "chrome",
      "browserVersion": "127.0.6533.89",
      "chrome": {
         "chromedriverVersion": "127.0.6533.99 (f31af5097d90ef5ae5bd7b8700199bc6189ba34d-refs/branch-heads/6533@{#1910})",
         "userDataDir": "C:\\Users\\7N\\AppData\\Local\\Temp\\scoped_dir15216_2096628832"
      },
      "fedcm:accounts": true,
      "goog:chromeOptions": {
         "debuggerAddress": "localhost:64480"
      },
      "networkConnectionEnabled": false,
      "pageLoadStrategy": "normal",
      "platformName": "windows",
      "proxy": {
      },
      "setWindowRect": true,
      "strictFileInteractability": false,
      "timeouts": {
         "implicit": 0,
         "pageLoad": 300000,
         "script": 30000
      },
      "unhandledPromptBehavior": "dismiss and notify",
      "webauthn:extension:credBlob": true,
      "webauthn:extension:largeBlob": true,
      "webauthn:extension:minPinLength": true,
      "webauthn:extension:prf": true,
      "webauthn:virtualAuthenticators": true
   },
   "sessionId": "7ef5e2645b7fc2f0467b1a5302b80ddf"
}
[1723018338.451][INFO]: [7ef5e2645b7fc2f0467b1a5302b80ddf] COMMAND MaximizeWindow {
}
[1723018338.451][INFO]: Waiting for pending navigations...
[1723018338.454][INFO]: Done waiting for pending navigations. Status: ok
[1723018338.487][INFO]: Waiting for pending navigations...
[1723018338.487][INFO]: Done waiting for pending navigations. Status: ok
[1723018338.488][INFO]: [7ef5e2645b7fc2f0467b1a5302b80ddf] RESPONSE MaximizeWindow {
   "height": 736,
   "width": 1382,
   "x": -8,
   "y": -8
}
[1723018338.491][INFO]: [7ef5e2645b7fc2f0467b1a5302b80ddf] COMMAND SetTimeouts {
   "implicit": 20000
}
[1723018338.491][INFO]: [7ef5e2645b7fc2f0467b1a5302b80ddf] RESPONSE SetTimeouts
[1723018338.500][INFO]: [7ef5e2645b7fc2f0467b1a5302b80ddf] COMMAND Navigate {
   "url": "https://forms.gle/wjPkzeSEk1CM7KgGA"
}
[1723018338.500][INFO]: Waiting for pending navigations...
[1723018338.501][INFO]: Done waiting for pending navigations. Status: ok
[1723018340.238][INFO]: Waiting for pending navigations...
[1723018340.679][INFO]: Done waiting for pending navigations. Status: ok
[1723018340.679][INFO]: [7ef5e2645b7fc2f0467b1a5302b80ddf] RESPONSE Navigate
[1723018340.689][INFO]: [7ef5e2645b7fc2f0467b1a5302b80ddf] COMMAND GetUrl {
}
[1723018340.689][INFO]: Waiting for pending navigations...
[1723018340.690][INFO]: Done waiting for pending navigations. Status: ok
[1723018340.694][INFO]: Waiting for pending navigations...
[1723018340.695][INFO]: Done waiting for pending navigations. Status: ok
[1723018340.695][INFO]: [7ef5e2645b7fc2f0467b1a5302b80ddf] RESPONSE GetUrl "https://docs.google.com/forms/d/e/1FAIpQLSep9LTMntH5YqIXa5nkiPKSs283kdwitBBhXWyZdAS-e4CxBQ/viewform?usp=send_form"
[1723018341.212][INFO]: [7ef5e2645b7fc2f0467b1a5302b80ddf] COMMAND GetUrl {
}
[1723018341.212][INFO]: Waiting for pending navigations...
[1723018341.214][INFO]: Done waiting for pending navigations. Status: ok
[1723018341.219][INFO]: Waiting for pending navigations...
[1723018341.221][INFO]: Done waiting for pending navigations. Status: ok
[1723018341.221][INFO]: [7ef5e2645b7fc2f0467b1a5302b80ddf] RESPONSE GetUrl "https://docs.google.com/forms/d/e/1FAIpQLSep9LTMntH5YqIXa5nkiPKSs283kdwitBBhXWyZdAS-e4CxBQ/viewform"
[1723018341.227][INFO]: [7ef5e2645b7fc2f0467b1a5302b80ddf] COMMAND FindElement {
   "using": "xpath",
   "value": "(//input[@type='text'])[1]"
}
[1723018341.227][INFO]: Waiting for pending navigations...
[1723018341.229][INFO]: Done waiting for pending navigations. Status: ok
[1723018341.253][INFO]: Waiting for pending navigations...
[1723018341.255][INFO]: Done waiting for pending navigations. Status: ok
[1723018341.255][INFO]: [7ef5e2645b7fc2f0467b1a5302b80ddf] RESPONSE FindElement {
   "element-6066-11e4-a52e-4f735466cecf": "f.624E921C8D0661DA68FA9D034400C343.d.A7FFC1F00A5D3358EC9381E14D412A00.e.4"
}
[1723018341.273][INFO]: [7ef5e2645b7fc2f0467b1a5302b80ddf] COMMAND PerformActions {
   "actions": [ {
      "actions": [ {
         "duration": 100,
         "origin": {
            "element-6066-11e4-a52e-4f735466cecf": "f.624E921C8D0661DA68FA9D034400C343.d.A7FFC1F00A5D3358EC9381E14D412A00.e.4"
         },
         "type": "pointerMove",
         "x": 0,
         "y": 0
      } ],
      "id": "default mouse",
      "parameters": {
         "pointerType": "mouse"
      },
      "type": "pointer"
   } ]
}
[1723018341.273][INFO]: Waiting for pending navigations...
[1723018341.274][INFO]: Done waiting for pending navigations. Status: ok
[1723018341.396][INFO]: Waiting for pending navigations...
[1723018341.398][INFO]: Done waiting for pending navigations. Status: ok
[1723018341.398][INFO]: [7ef5e2645b7fc2f0467b1a5302b80ddf] RESPONSE PerformActions
[1723018341.404][INFO]: [7ef5e2645b7fc2f0467b1a5302b80ddf] COMMAND ClickElement {
   "id": "f.624E921C8D0661DA68FA9D034400C343.d.A7FFC1F00A5D3358EC9381E14D412A00.e.4"
}
[1723018341.404][INFO]: Waiting for pending navigations...
[1723018341.405][INFO]: Done waiting for pending navigations. Status: ok
[1723018341.652][INFO]: Waiting for pending navigations...
[1723018341.655][INFO]: Done waiting for pending navigations. Status: ok
[1723018341.655][INFO]: [7ef5e2645b7fc2f0467b1a5302b80ddf] RESPONSE ClickElement
[1723018341.658][INFO]: [7ef5e2645b7fc2f0467b1a5302b80ddf] COMMAND ClearElement {
   "id": "f.624E921C8D0661DA68FA9D034400C343.d.A7FFC1F00A5D3358EC9381E14D412A00.e.4"
}
[1723018341.658][INFO]: Waiting for pending navigations...
[1723018341.659][INFO]: Done waiting for pending navigations. Status: ok
[1723018341.678][INFO]: 
	=== NOTE: ===
	The Clear command in ChromeDriver 2.43 and above
	has been updated to conform to the current standard,
	including raising blur event after clearing.

[1723018341.688][INFO]: Waiting for pending navigations...
[1723018341.688][INFO]: Done waiting for pending navigations. Status: ok
[1723018341.688][INFO]: [7ef5e2645b7fc2f0467b1a5302b80ddf] RESPONSE ClearElement
[1723018341.693][INFO]: [7ef5e2645b7fc2f0467b1a5302b80ddf] COMMAND TypeElement {
   "id": "f.624E921C8D0661DA68FA9D034400C343.d.A7FFC1F00A5D3358EC9381E14D412A00.e.4",
   "text": "Crio Learner",
   "value": [ "C", "r", "i", "o", " ", "L", "e", "a", "r", "n", "e", "r" ]
}
[1723018341.693][INFO]: Waiting for pending navigations...
[1723018341.694][INFO]: Done waiting for pending navigations. Status: ok
[1723018341.741][INFO]: Waiting for pending navigations...
[1723018341.743][INFO]: Done waiting for pending navigations. Status: ok
[1723018341.743][INFO]: [7ef5e2645b7fc2f0467b1a5302b80ddf] RESPONSE TypeElement
[1723018341.746][INFO]: [7ef5e2645b7fc2f0467b1a5302b80ddf] COMMAND FindElement {
   "using": "xpath",
   "value": "//textarea[@aria-label='Your answer']"
}
[1723018341.746][INFO]: Waiting for pending navigations...
[1723018341.747][INFO]: Done waiting for pending navigations. Status: ok
[1723018341.756][INFO]: Waiting for pending navigations...
[1723018341.757][INFO]: Done waiting for pending navigations. Status: ok
[1723018341.757][INFO]: [7ef5e2645b7fc2f0467b1a5302b80ddf] RESPONSE FindElement {
   "element-6066-11e4-a52e-4f735466cecf": "f.624E921C8D0661DA68FA9D034400C343.d.A7FFC1F00A5D3358EC9381E14D412A00.e.6"
}
[1723018341.760][INFO]: [7ef5e2645b7fc2f0467b1a5302b80ddf] COMMAND FindElement {
   "using": "xpath",
   "value": "//textarea[@aria-label='Your answer']"
}
[1723018341.760][INFO]: Waiting for pending navigations...
[1723018341.760][INFO]: Done waiting for pending navigations. Status: ok
[1723018341.766][INFO]: Waiting for pending navigations...
[1723018341.767][INFO]: Done waiting for pending navigations. Status: ok
[1723018341.767][INFO]: [7ef5e2645b7fc2f0467b1a5302b80ddf] RESPONSE FindElement {
   "element-6066-11e4-a52e-4f735466cecf": "f.624E921C8D0661DA68FA9D034400C343.d.A7FFC1F00A5D3358EC9381E14D412A00.e.6"
}
[1723018341.770][INFO]: [7ef5e2645b7fc2f0467b1a5302b80ddf] COMMAND PerformActions {
   "actions": [ {
      "actions": [ {
         "duration": 100,
         "origin": {
            "element-6066-11e4-a52e-4f735466cecf": "f.624E921C8D0661DA68FA9D034400C343.d.A7FFC1F00A5D3358EC9381E14D412A00.e.6"
         },
         "type": "pointerMove",
         "x": 0,
         "y": 0
      } ],
      "id": "default mouse",
      "parameters": {
         "pointerType": "mouse"
      },
      "type": "pointer"
   } ]
}
[1723018341.770][INFO]: Waiting for pending navigations...
[1723018341.771][INFO]: Done waiting for pending navigations. Status: ok
[1723018341.895][INFO]: Waiting for pending navigations...
[1723018341.898][INFO]: Done waiting for pending navigations. Status: ok
[1723018341.898][INFO]: [7ef5e2645b7fc2f0467b1a5302b80ddf] RESPONSE PerformActions
[1723018341.910][INFO]: [7ef5e2645b7fc2f0467b1a5302b80ddf] COMMAND ClickElement {
   "id": "f.624E921C8D0661DA68FA9D034400C343.d.A7FFC1F00A5D3358EC9381E14D412A00.e.6"
}
[1723018341.910][INFO]: Waiting for pending navigations...
[1723018341.913][INFO]: Done waiting for pending navigations. Status: ok
[1723018342.064][INFO]: Waiting for pending navigations...
[1723018342.066][INFO]: Done waiting for pending navigations. Status: ok
[1723018342.066][INFO]: [7ef5e2645b7fc2f0467b1a5302b80ddf] RESPONSE ClickElement
[1723018342.072][INFO]: [7ef5e2645b7fc2f0467b1a5302b80ddf] COMMAND ClearElement {
   "id": "f.624E921C8D0661DA68FA9D034400C343.d.A7FFC1F00A5D3358EC9381E14D412A00.e.6"
}
[1723018342.072][INFO]: Waiting for pending navigations...
[1723018342.074][INFO]: Done waiting for pending navigations. Status: ok
[1723018342.119][INFO]: Waiting for pending navigations...
[1723018342.120][INFO]: Done waiting for pending navigations. Status: ok
[1723018342.121][INFO]: [7ef5e2645b7fc2f0467b1a5302b80ddf] RESPONSE ClearElement
[1723018342.129][INFO]: [7ef5e2645b7fc2f0467b1a5302b80ddf] COMMAND TypeElement {
   "id": "f.624E921C8D0661DA68FA9D034400C343.d.A7FFC1F00A5D3358EC9381E14D412A00.e.6",
   "text": "I want to be the best QA Engineer!1723055400000",
   "value": [ "I", " ", "w", "a", "n", "t", " ", "t", "o", " ", "b", "e", " ", "t", "h", "e", " ", "b", "e", "s", "t", " ", "Q", "A", " ", "E", "n", "g", "i", "n", "e", "e", "r", "!", "1", "7", "2", "3", "0", "5", "5", "4", "0", "0", "0", "0", "0" ]
}
[1723018342.129][INFO]: Waiting for pending navigations...
[1723018342.131][INFO]: Done waiting for pending navigations. Status: ok
[1723018342.288][INFO]: Waiting for pending navigations...
[1723018342.291][INFO]: Done waiting for pending navigations. Status: ok
[1723018342.291][INFO]: [7ef5e2645b7fc2f0467b1a5302b80ddf] RESPONSE TypeElement
[1723018344.298][INFO]: [7ef5e2645b7fc2f0467b1a5302b80ddf] COMMAND FindElements {
   "using": "xpath",
   "value": "//div[@class='nWQGrd zwllIb']"
}
[1723018344.298][INFO]: Waiting for pending navigations...
[1723018344.300][INFO]: Done waiting for pending navigations. Status: ok
[1723018344.325][INFO]: Waiting for pending navigations...
[1723018344.327][INFO]: Done waiting for pending navigations. Status: ok
[1723018344.327][INFO]: [7ef5e2645b7fc2f0467b1a5302b80ddf] RESPONSE FindElements [ {
   "element-6066-11e4-a52e-4f735466cecf": "f.624E921C8D0661DA68FA9D034400C343.d.A7FFC1F00A5D3358EC9381E14D412A00.e.25"
}, {
   "element-6066-11e4-a52e-4f735466cecf": "f.624E921C8D0661DA68FA9D034400C343.d.A7FFC1F00A5D3358EC9381E14D412A00.e.26"
}, {
   "element-6066-11e4-a52e-4f735466cecf": "f.624E921C8D0661DA68FA9D034400C343.d.A7FFC1F00A5D3358EC9381E14D412A00.e.27"
}, {
   "element-6066-11e4-a52e-4f735466cecf": "f.624E921C8D0661DA68FA9D034400C343.d.A7FFC1F00A5D3358EC9381E14D412A00.e.28"
} ]
[1723018344.334][INFO]: [7ef5e2645b7fc2f0467b1a5302b80ddf] COMMAND GetElementText {
   "id": "f.624E921C8D0661DA68FA9D034400C343.d.A7FFC1F00A5D3358EC9381E14D412A00.e.25"
}
[1723018344.334][INFO]: Waiting for pending navigations...
[1723018344.336][INFO]: Done waiting for pending navigations. Status: ok
[1723018344.374][INFO]: Waiting for pending navigations...
[1723018344.376][INFO]: Done waiting for pending navigations. Status: ok
[1723018344.376][INFO]: [7ef5e2645b7fc2f0467b1a5302b80ddf] RESPONSE GetElementText "0 - 2"
[1723018344.380][INFO]: [7ef5e2645b7fc2f0467b1a5302b80ddf] COMMAND GetElementText {
   "id": "f.624E921C8D0661DA68FA9D034400C343.d.A7FFC1F00A5D3358EC9381E14D412A00.e.26"
}
[1723018344.380][INFO]: Waiting for pending navigations...
[1723018344.381][INFO]: Done waiting for pending navigations. Status: ok
[1723018344.391][INFO]: Waiting for pending navigations...
[1723018344.392][INFO]: Done waiting for pending navigations. Status: ok
[1723018344.392][INFO]: [7ef5e2645b7fc2f0467b1a5302b80ddf] RESPONSE GetElementText "3 - 5"
[1723018344.394][INFO]: [7ef5e2645b7fc2f0467b1a5302b80ddf] COMMAND GetElementText {
   "id": "f.624E921C8D0661DA68FA9D034400C343.d.A7FFC1F00A5D3358EC9381E14D412A00.e.27"
}
[1723018344.394][INFO]: Waiting for pending navigations...
[1723018344.395][INFO]: Done waiting for pending navigations. Status: ok
[1723018344.404][INFO]: Waiting for pending navigations...
[1723018344.404][INFO]: Done waiting for pending navigations. Status: ok
[1723018344.404][INFO]: [7ef5e2645b7fc2f0467b1a5302b80ddf] RESPONSE GetElementText "6 - 10"
[1723018344.407][INFO]: [7ef5e2645b7fc2f0467b1a5302b80ddf] COMMAND ClickElement {
   "id": "f.624E921C8D0661DA68FA9D034400C343.d.A7FFC1F00A5D3358EC9381E14D412A00.e.27"
}
[1723018344.407][INFO]: Waiting for pending navigations...
[1723018344.407][INFO]: Done waiting for pending navigations. Status: ok
[1723018344.439][INFO]: Waiting for pending navigations...
[1723018344.440][INFO]: Done waiting for pending navigations. Status: ok
[1723018344.440][INFO]: [7ef5e2645b7fc2f0467b1a5302b80ddf] RESPONSE ClickElement
[1723018344.442][INFO]: [7ef5e2645b7fc2f0467b1a5302b80ddf] COMMAND GetElementText {
   "id": "f.624E921C8D0661DA68FA9D034400C343.d.A7FFC1F00A5D3358EC9381E14D412A00.e.28"
}
[1723018344.442][INFO]: Waiting for pending navigations...
[1723018344.443][INFO]: Done waiting for pending navigations. Status: ok
[1723018344.452][INFO]: Waiting for pending navigations...
[1723018344.454][INFO]: Done waiting for pending navigations. Status: ok
[1723018344.454][INFO]: [7ef5e2645b7fc2f0467b1a5302b80ddf] RESPONSE GetElementText "> 10"
[1723018346.466][INFO]: [7ef5e2645b7fc2f0467b1a5302b80ddf] COMMAND FindElements {
   "using": "xpath",
   "value": "//div[@class='eBFwI']"
}
[1723018346.466][INFO]: Waiting for pending navigations...
[1723018346.467][INFO]: Done waiting for pending navigations. Status: ok
[1723018346.489][INFO]: Waiting for pending navigations...
[1723018346.491][INFO]: Done waiting for pending navigations. Status: ok
[1723018346.491][INFO]: [7ef5e2645b7fc2f0467b1a5302b80ddf] RESPONSE FindElements [ {
   "element-6066-11e4-a52e-4f735466cecf": "f.624E921C8D0661DA68FA9D034400C343.d.A7FFC1F00A5D3358EC9381E14D412A00.e.29"
}, {
   "element-6066-11e4-a52e-4f735466cecf": "f.624E921C8D0661DA68FA9D034400C343.d.A7FFC1F00A5D3358EC9381E14D412A00.e.30"
}, {
   "element-6066-11e4-a52e-4f735466cecf": "f.624E921C8D0661DA68FA9D034400C343.d.A7FFC1F00A5D3358EC9381E14D412A00.e.31"
}, {
   "element-6066-11e4-a52e-4f735466cecf": "f.624E921C8D0661DA68FA9D034400C343.d.A7FFC1F00A5D3358EC9381E14D412A00.e.32"
} ]
[1723018346.496][INFO]: [7ef5e2645b7fc2f0467b1a5302b80ddf] COMMAND GetElementText {
   "id": "f.624E921C8D0661DA68FA9D034400C343.d.A7FFC1F00A5D3358EC9381E14D412A00.e.29"
}
[1723018346.496][INFO]: Waiting for pending navigations...
[1723018346.498][INFO]: Done waiting for pending navigations. Status: ok
[1723018346.519][INFO]: Waiting for pending navigations...
[1723018346.520][INFO]: Done waiting for pending navigations. Status: ok
[1723018346.520][INFO]: [7ef5e2645b7fc2f0467b1a5302b80ddf] RESPONSE GetElementText "Java"
[1723018346.526][INFO]: [7ef5e2645b7fc2f0467b1a5302b80ddf] COMMAND ClickElement {
   "id": "f.624E921C8D0661DA68FA9D034400C343.d.A7FFC1F00A5D3358EC9381E14D412A00.e.29"
}
[1723018346.526][INFO]: Waiting for pending navigations...
[1723018346.528][INFO]: Done waiting for pending navigations. Status: ok
[1723018346.610][INFO]: Waiting for pending navigations...
[1723018346.612][INFO]: Done waiting for pending navigations. Status: ok
[1723018346.612][INFO]: [7ef5e2645b7fc2f0467b1a5302b80ddf] RESPONSE ClickElement
[1723018348.622][INFO]: [7ef5e2645b7fc2f0467b1a5302b80ddf] COMMAND GetElementText {
   "id": "f.624E921C8D0661DA68FA9D034400C343.d.A7FFC1F00A5D3358EC9381E14D412A00.e.29"
}
[1723018348.622][INFO]: Waiting for pending navigations...
[1723018348.623][INFO]: Done waiting for pending navigations. Status: ok
[1723018348.633][INFO]: Waiting for pending navigations...
[1723018348.634][INFO]: Done waiting for pending navigations. Status: ok
[1723018348.634][INFO]: [7ef5e2645b7fc2f0467b1a5302b80ddf] RESPONSE GetElementText "Java"
[1723018350.639][INFO]: [7ef5e2645b7fc2f0467b1a5302b80ddf] COMMAND GetElementText {
   "id": "f.624E921C8D0661DA68FA9D034400C343.d.A7FFC1F00A5D3358EC9381E14D412A00.e.29"
}
[1723018350.639][INFO]: Waiting for pending navigations...
[1723018350.641][INFO]: Done waiting for pending navigations. Status: ok
[1723018350.653][INFO]: Waiting for pending navigations...
[1723018350.654][INFO]: Done waiting for pending navigations. Status: ok
[1723018350.654][INFO]: [7ef5e2645b7fc2f0467b1a5302b80ddf] RESPONSE GetElementText "Java"
[1723018350.656][INFO]: [7ef5e2645b7fc2f0467b1a5302b80ddf] COMMAND GetElementText {
   "id": "f.624E921C8D0661DA68FA9D034400C343.d.A7FFC1F00A5D3358EC9381E14D412A00.e.30"
}
[1723018350.656][INFO]: Waiting for pending navigations...
[1723018350.657][INFO]: Done waiting for pending navigations. Status: ok
[1723018350.667][INFO]: Waiting for pending navigations...
[1723018350.668][INFO]: Done waiting for pending navigations. Status: ok
[1723018350.668][INFO]: [7ef5e2645b7fc2f0467b1a5302b80ddf] RESPONSE GetElementText "Selenium"
[1723018352.684][INFO]: [7ef5e2645b7fc2f0467b1a5302b80ddf] COMMAND GetElementText {
   "id": "f.624E921C8D0661DA68FA9D034400C343.d.A7FFC1F00A5D3358EC9381E14D412A00.e.30"
}
[1723018352.684][INFO]: Waiting for pending navigations...
[1723018352.685][INFO]: Done waiting for pending navigations. Status: ok
[1723018352.694][INFO]: Waiting for pending navigations...
[1723018352.695][INFO]: Done waiting for pending navigations. Status: ok
[1723018352.695][INFO]: [7ef5e2645b7fc2f0467b1a5302b80ddf] RESPONSE GetElementText "Selenium"
[1723018352.698][INFO]: [7ef5e2645b7fc2f0467b1a5302b80ddf] COMMAND ClickElement {
   "id": "f.624E921C8D0661DA68FA9D034400C343.d.A7FFC1F00A5D3358EC9381E14D412A00.e.30"
}
[1723018352.698][INFO]: Waiting for pending navigations...
[1723018352.699][INFO]: Done waiting for pending navigations. Status: ok
[1723018352.726][INFO]: Waiting for pending navigations...
[1723018352.726][INFO]: Done waiting for pending navigations. Status: ok
[1723018352.726][INFO]: [7ef5e2645b7fc2f0467b1a5302b80ddf] RESPONSE ClickElement
[1723018354.742][INFO]: [7ef5e2645b7fc2f0467b1a5302b80ddf] COMMAND GetElementText {
   "id": "f.624E921C8D0661DA68FA9D034400C343.d.A7FFC1F00A5D3358EC9381E14D412A00.e.30"
}
[1723018354.742][INFO]: Waiting for pending navigations...
[1723018354.743][INFO]: Done waiting for pending navigations. Status: ok
[1723018354.752][INFO]: Waiting for pending navigations...
[1723018354.753][INFO]: Done waiting for pending navigations. Status: ok
[1723018354.753][INFO]: [7ef5e2645b7fc2f0467b1a5302b80ddf] RESPONSE GetElementText "Selenium"
[1723018354.755][INFO]: [7ef5e2645b7fc2f0467b1a5302b80ddf] COMMAND GetElementText {
   "id": "f.624E921C8D0661DA68FA9D034400C343.d.A7FFC1F00A5D3358EC9381E14D412A00.e.31"
}
[1723018354.755][INFO]: Waiting for pending navigations...
[1723018354.756][INFO]: Done waiting for pending navigations. Status: ok
[1723018354.764][INFO]: Waiting for pending navigations...
[1723018354.765][INFO]: Done waiting for pending navigations. Status: ok
[1723018354.765][INFO]: [7ef5e2645b7fc2f0467b1a5302b80ddf] RESPONSE GetElementText "Springboot"
[1723018356.775][INFO]: [7ef5e2645b7fc2f0467b1a5302b80ddf] COMMAND GetElementText {
   "id": "f.624E921C8D0661DA68FA9D034400C343.d.A7FFC1F00A5D3358EC9381E14D412A00.e.31"
}
[1723018356.775][INFO]: Waiting for pending navigations...
[1723018356.776][INFO]: Done waiting for pending navigations. Status: ok
[1723018356.789][INFO]: Waiting for pending navigations...
[1723018356.790][INFO]: Done waiting for pending navigations. Status: ok
[1723018356.790][INFO]: [7ef5e2645b7fc2f0467b1a5302b80ddf] RESPONSE GetElementText "Springboot"
[1723018358.807][INFO]: [7ef5e2645b7fc2f0467b1a5302b80ddf] COMMAND GetElementText {
   "id": "f.624E921C8D0661DA68FA9D034400C343.d.A7FFC1F00A5D3358EC9381E14D412A00.e.31"
}
[1723018358.807][INFO]: Waiting for pending navigations...
[1723018358.808][INFO]: Done waiting for pending navigations. Status: ok
[1723018358.821][INFO]: Waiting for pending navigations...
[1723018358.822][INFO]: Done waiting for pending navigations. Status: ok
[1723018358.822][INFO]: [7ef5e2645b7fc2f0467b1a5302b80ddf] RESPONSE GetElementText "Springboot"
[1723018358.825][INFO]: [7ef5e2645b7fc2f0467b1a5302b80ddf] COMMAND GetElementText {
   "id": "f.624E921C8D0661DA68FA9D034400C343.d.A7FFC1F00A5D3358EC9381E14D412A00.e.32"
}
[1723018358.825][INFO]: Waiting for pending navigations...
[1723018358.826][INFO]: Done waiting for pending navigations. Status: ok
[1723018358.839][INFO]: Waiting for pending navigations...
[1723018358.841][INFO]: Done waiting for pending navigations. Status: ok
[1723018358.841][INFO]: [7ef5e2645b7fc2f0467b1a5302b80ddf] RESPONSE GetElementText "TestNG"
[1723018360.848][INFO]: [7ef5e2645b7fc2f0467b1a5302b80ddf] COMMAND GetElementText {
   "id": "f.624E921C8D0661DA68FA9D034400C343.d.A7FFC1F00A5D3358EC9381E14D412A00.e.32"
}
[1723018360.848][INFO]: Waiting for pending navigations...
[1723018360.849][INFO]: Done waiting for pending navigations. Status: ok
[1723018360.857][INFO]: Waiting for pending navigations...
[1723018360.858][INFO]: Done waiting for pending navigations. Status: ok
[1723018360.858][INFO]: [7ef5e2645b7fc2f0467b1a5302b80ddf] RESPONSE GetElementText "TestNG"
[1723018362.873][INFO]: [7ef5e2645b7fc2f0467b1a5302b80ddf] COMMAND GetElementText {
   "id": "f.624E921C8D0661DA68FA9D034400C343.d.A7FFC1F00A5D3358EC9381E14D412A00.e.32"
}
[1723018362.873][INFO]: Waiting for pending navigations...
[1723018362.873][INFO]: Done waiting for pending navigations. Status: ok
[1723018362.882][INFO]: Waiting for pending navigations...
[1723018362.883][INFO]: Done waiting for pending navigations. Status: ok
[1723018362.883][INFO]: [7ef5e2645b7fc2f0467b1a5302b80ddf] RESPONSE GetElementText "TestNG"
[1723018362.885][INFO]: [7ef5e2645b7fc2f0467b1a5302b80ddf] COMMAND ClickElement {
   "id": "f.624E921C8D0661DA68FA9D034400C343.d.A7FFC1F00A5D3358EC9381E14D412A00.e.32"
}
[1723018362.885][INFO]: Waiting for pending navigations...
[1723018362.886][INFO]: Done waiting for pending navigations. Status: ok
[1723018362.910][INFO]: Waiting for pending navigations...
[1723018362.911][INFO]: Done waiting for pending navigations. Status: ok
[1723018362.911][INFO]: [7ef5e2645b7fc2f0467b1a5302b80ddf] RESPONSE ClickElement
[1723018364.932][INFO]: [7ef5e2645b7fc2f0467b1a5302b80ddf] COMMAND FindElement {
   "using": "xpath",
   "value": "//div[@role='option']/parent::div[@role='presentation']"
}
[1723018364.932][INFO]: Waiting for pending navigations...
[1723018364.935][INFO]: Done waiting for pending navigations. Status: ok
[1723018364.969][INFO]: Waiting for pending navigations...
[1723018364.971][INFO]: Done waiting for pending navigations. Status: ok
[1723018364.971][INFO]: [7ef5e2645b7fc2f0467b1a5302b80ddf] RESPONSE FindElement {
   "element-6066-11e4-a52e-4f735466cecf": "f.624E921C8D0661DA68FA9D034400C343.d.A7FFC1F00A5D3358EC9381E14D412A00.e.34"
}
[1723018364.982][INFO]: [7ef5e2645b7fc2f0467b1a5302b80ddf] COMMAND PerformActions {
   "actions": [ {
      "actions": [ {
         "duration": 100,
         "origin": {
            "element-6066-11e4-a52e-4f735466cecf": "f.624E921C8D0661DA68FA9D034400C343.d.A7FFC1F00A5D3358EC9381E14D412A00.e.34"
         },
         "type": "pointerMove",
         "x": 0,
         "y": 0
      } ],
      "id": "default mouse",
      "parameters": {
         "pointerType": "mouse"
      },
      "type": "pointer"
   } ]
}
[1723018364.982][INFO]: Waiting for pending navigations...
[1723018364.985][INFO]: Done waiting for pending navigations. Status: ok
[1723018365.126][INFO]: Waiting for pending navigations...
[1723018365.129][INFO]: Done waiting for pending navigations. Status: ok
[1723018365.129][INFO]: [7ef5e2645b7fc2f0467b1a5302b80ddf] RESPONSE PerformActions
[1723018365.137][INFO]: [7ef5e2645b7fc2f0467b1a5302b80ddf] COMMAND ClickElement {
   "id": "f.624E921C8D0661DA68FA9D034400C343.d.A7FFC1F00A5D3358EC9381E14D412A00.e.34"
}
[1723018365.137][INFO]: Waiting for pending navigations...
[1723018365.140][INFO]: Done waiting for pending navigations. Status: ok
[1723018365.227][INFO]: Waiting for pending navigations...
[1723018365.229][INFO]: Done waiting for pending navigations. Status: ok
[1723018365.229][INFO]: [7ef5e2645b7fc2f0467b1a5302b80ddf] RESPONSE ClickElement
[1723018367.244][INFO]: [7ef5e2645b7fc2f0467b1a5302b80ddf] COMMAND FindElements {
   "using": "xpath",
   "value": "//span[@class='vRMGwf oJeWuf']"
}
[1723018367.244][INFO]: Waiting for pending navigations...
[1723018367.247][INFO]: Done waiting for pending navigations. Status: ok
[1723018367.282][INFO]: Waiting for pending navigations...
[1723018367.284][INFO]: Done waiting for pending navigations. Status: ok
[1723018367.285][INFO]: [7ef5e2645b7fc2f0467b1a5302b80ddf] RESPONSE FindElements [ {
   "element-6066-11e4-a52e-4f735466cecf": "f.624E921C8D0661DA68FA9D034400C343.d.A7FFC1F00A5D3358EC9381E14D412A00.e.36"
}, {
   "element-6066-11e4-a52e-4f735466cecf": "f.624E921C8D0661DA68FA9D034400C343.d.A7FFC1F00A5D3358EC9381E14D412A00.e.37"
}, {
   "element-6066-11e4-a52e-4f735466cecf": "f.624E921C8D0661DA68FA9D034400C343.d.A7FFC1F00A5D3358EC9381E14D412A00.e.38"
}, {
   "element-6066-11e4-a52e-4f735466cecf": "f.624E921C8D0661DA68FA9D034400C343.d.A7FFC1F00A5D3358EC9381E14D412A00.e.39"
}, {
   "element-6066-11e4-a52e-4f735466cecf": "f.624E921C8D0661DA68FA9D034400C343.d.A7FFC1F00A5D3358EC9381E14D412A00.e.40"
}, {
   "element-6066-11e4-a52e-4f735466cecf": "f.624E921C8D0661DA68FA9D034400C343.d.A7FFC1F00A5D3358EC9381E14D412A00.e.41"
}, {
   "element-6066-11e4-a52e-4f735466cecf": "f.624E921C8D0661DA68FA9D034400C343.d.A7FFC1F00A5D3358EC9381E14D412A00.e.42"
}, {
   "element-6066-11e4-a52e-4f735466cecf": "f.624E921C8D0661DA68FA9D034400C343.d.A7FFC1F00A5D3358EC9381E14D412A00.e.43"
}, {
   "element-6066-11e4-a52e-4f735466cecf": "f.624E921C8D0661DA68FA9D034400C343.d.A7FFC1F00A5D3358EC9381E14D412A00.e.44"
}, {
   "element-6066-11e4-a52e-4f735466cecf": "f.624E921C8D0661DA68FA9D034400C343.d.A7FFC1F00A5D3358EC9381E14D412A00.e.45"
}, {
   "element-6066-11e4-a52e-4f735466cecf": "f.624E921C8D0661DA68FA9D034400C343.d.A7FFC1F00A5D3358EC9381E14D412A00.e.46"
}, {
   "element-6066-11e4-a52e-4f735466cecf": "f.624E921C8D0661DA68FA9D034400C343.d.A7FFC1F00A5D3358EC9381E14D412A00.e.47"
} ]
[1723018367.293][INFO]: [7ef5e2645b7fc2f0467b1a5302b80ddf] COMMAND GetElementText {
   "id": "f.624E921C8D0661DA68FA9D034400C343.d.A7FFC1F00A5D3358EC9381E14D412A00.e.36"
}
[1723018367.293][INFO]: Waiting for pending navigations...
[1723018367.295][INFO]: Done waiting for pending navigations. Status: ok
[1723018367.307][INFO]: Waiting for pending navigations...
[1723018367.308][INFO]: Done waiting for pending navigations. Status: ok
[1723018367.308][INFO]: [7ef5e2645b7fc2f0467b1a5302b80ddf] RESPONSE GetElementText "Choose"
[1723018367.311][INFO]: [7ef5e2645b7fc2f0467b1a5302b80ddf] COMMAND GetElementText {
   "id": "f.624E921C8D0661DA68FA9D034400C343.d.A7FFC1F00A5D3358EC9381E14D412A00.e.37"
}
[1723018367.311][INFO]: Waiting for pending navigations...
[1723018367.312][INFO]: Done waiting for pending navigations. Status: ok
[1723018367.323][INFO]: Waiting for pending navigations...
[1723018367.324][INFO]: Done waiting for pending navigations. Status: ok
[1723018367.324][INFO]: [7ef5e2645b7fc2f0467b1a5302b80ddf] RESPONSE GetElementText ""
[1723018367.327][INFO]: [7ef5e2645b7fc2f0467b1a5302b80ddf] COMMAND GetElementText {
   "id": "f.624E921C8D0661DA68FA9D034400C343.d.A7FFC1F00A5D3358EC9381E14D412A00.e.38"
}
[1723018367.327][INFO]: Waiting for pending navigations...
[1723018367.328][INFO]: Done waiting for pending navigations. Status: ok
[1723018367.334][INFO]: Waiting for pending navigations...
[1723018367.334][INFO]: Done waiting for pending navigations. Status: ok
[1723018367.334][INFO]: [7ef5e2645b7fc2f0467b1a5302b80ddf] RESPONSE GetElementText ""
[1723018367.336][INFO]: [7ef5e2645b7fc2f0467b1a5302b80ddf] COMMAND GetElementText {
   "id": "f.624E921C8D0661DA68FA9D034400C343.d.A7FFC1F00A5D3358EC9381E14D412A00.e.39"
}
[1723018367.336][INFO]: Waiting for pending navigations...
[1723018367.337][INFO]: Done waiting for pending navigations. Status: ok
[1723018367.342][INFO]: Waiting for pending navigations...
[1723018367.343][INFO]: Done waiting for pending navigations. Status: ok
[1723018367.343][INFO]: [7ef5e2645b7fc2f0467b1a5302b80ddf] RESPONSE GetElementText ""
[1723018367.345][INFO]: [7ef5e2645b7fc2f0467b1a5302b80ddf] COMMAND GetElementText {
   "id": "f.624E921C8D0661DA68FA9D034400C343.d.A7FFC1F00A5D3358EC9381E14D412A00.e.40"
}
[1723018367.345][INFO]: Waiting for pending navigations...
[1723018367.346][INFO]: Done waiting for pending navigations. Status: ok
[1723018367.352][INFO]: Waiting for pending navigations...
[1723018367.353][INFO]: Done waiting for pending navigations. Status: ok
[1723018367.353][INFO]: [7ef5e2645b7fc2f0467b1a5302b80ddf] RESPONSE GetElementText ""
[1723018367.355][INFO]: [7ef5e2645b7fc2f0467b1a5302b80ddf] COMMAND GetElementText {
   "id": "f.624E921C8D0661DA68FA9D034400C343.d.A7FFC1F00A5D3358EC9381E14D412A00.e.41"
}
[1723018367.355][INFO]: Waiting for pending navigations...
[1723018367.356][INFO]: Done waiting for pending navigations. Status: ok
[1723018367.362][INFO]: Waiting for pending navigations...
[1723018367.362][INFO]: Done waiting for pending navigations. Status: ok
[1723018367.362][INFO]: [7ef5e2645b7fc2f0467b1a5302b80ddf] RESPONSE GetElementText ""
[1723018367.364][INFO]: [7ef5e2645b7fc2f0467b1a5302b80ddf] COMMAND GetElementText {
   "id": "f.624E921C8D0661DA68FA9D034400C343.d.A7FFC1F00A5D3358EC9381E14D412A00.e.42"
}
[1723018367.364][INFO]: Waiting for pending navigations...
[1723018367.365][INFO]: Done waiting for pending navigations. Status: ok
[1723018367.371][INFO]: Waiting for pending navigations...
[1723018367.372][INFO]: Done waiting for pending navigations. Status: ok
[1723018367.372][INFO]: [7ef5e2645b7fc2f0467b1a5302b80ddf] RESPONSE GetElementText "Choose"
[1723018367.373][INFO]: [7ef5e2645b7fc2f0467b1a5302b80ddf] COMMAND GetElementText {
   "id": "f.624E921C8D0661DA68FA9D034400C343.d.A7FFC1F00A5D3358EC9381E14D412A00.e.43"
}
[1723018367.374][INFO]: Waiting for pending navigations...
[1723018367.374][INFO]: Done waiting for pending navigations. Status: ok
[1723018367.380][INFO]: Waiting for pending navigations...
[1723018367.381][INFO]: Done waiting for pending navigations. Status: ok
[1723018367.381][INFO]: [7ef5e2645b7fc2f0467b1a5302b80ddf] RESPONSE GetElementText "Mr"
[1723018367.383][INFO]: [7ef5e2645b7fc2f0467b1a5302b80ddf] COMMAND GetElementText {
   "id": "f.624E921C8D0661DA68FA9D034400C343.d.A7FFC1F00A5D3358EC9381E14D412A00.e.44"
}
[1723018367.383][INFO]: Waiting for pending navigations...
[1723018367.383][INFO]: Done waiting for pending navigations. Status: ok
[1723018367.389][INFO]: Waiting for pending navigations...
[1723018367.390][INFO]: Done waiting for pending navigations. Status: ok
[1723018367.390][INFO]: [7ef5e2645b7fc2f0467b1a5302b80ddf] RESPONSE GetElementText "Ms"
[1723018367.392][INFO]: [7ef5e2645b7fc2f0467b1a5302b80ddf] COMMAND ClickElement {
   "id": "f.624E921C8D0661DA68FA9D034400C343.d.A7FFC1F00A5D3358EC9381E14D412A00.e.44"
}
[1723018367.392][INFO]: Waiting for pending navigations...
[1723018367.392][INFO]: Done waiting for pending navigations. Status: ok
[1723018367.423][INFO]: Waiting for pending navigations...
[1723018367.426][INFO]: Done waiting for pending navigations. Status: ok
[1723018367.426][INFO]: [7ef5e2645b7fc2f0467b1a5302b80ddf] RESPONSE ClickElement
[1723018367.428][INFO]: [7ef5e2645b7fc2f0467b1a5302b80ddf] COMMAND GetElementText {
   "id": "f.624E921C8D0661DA68FA9D034400C343.d.A7FFC1F00A5D3358EC9381E14D412A00.e.45"
}
[1723018367.428][INFO]: Waiting for pending navigations...
[1723018367.429][INFO]: Done waiting for pending navigations. Status: ok
[1723018367.437][INFO]: Waiting for pending navigations...
[1723018367.437][INFO]: Done waiting for pending navigations. Status: ok
[1723018367.437][INFO]: [7ef5e2645b7fc2f0467b1a5302b80ddf] RESPONSE GetElementText "Mrs"
[1723018367.440][INFO]: [7ef5e2645b7fc2f0467b1a5302b80ddf] COMMAND GetElementText {
   "id": "f.624E921C8D0661DA68FA9D034400C343.d.A7FFC1F00A5D3358EC9381E14D412A00.e.46"
}
[1723018367.440][INFO]: Waiting for pending navigations...
[1723018367.440][INFO]: Done waiting for pending navigations. Status: ok
[1723018367.446][INFO]: Waiting for pending navigations...
[1723018367.447][INFO]: Done waiting for pending navigations. Status: ok
[1723018367.447][INFO]: [7ef5e2645b7fc2f0467b1a5302b80ddf] RESPONSE GetElementText "Dr"
[1723018367.449][INFO]: [7ef5e2645b7fc2f0467b1a5302b80ddf] COMMAND GetElementText {
   "id": "f.624E921C8D0661DA68FA9D034400C343.d.A7FFC1F00A5D3358EC9381E14D412A00.e.47"
}
[1723018367.449][INFO]: Waiting for pending navigations...
[1723018367.450][INFO]: Done waiting for pending navigations. Status: ok
[1723018367.457][INFO]: Waiting for pending navigations...
[1723018367.457][INFO]: Done waiting for pending navigations. Status: ok
[1723018367.457][INFO]: [7ef5e2645b7fc2f0467b1a5302b80ddf] RESPONSE GetElementText "Rather not say"
[1723018369.470][INFO]: [7ef5e2645b7fc2f0467b1a5302b80ddf] COMMAND FindElement {
   "using": "xpath",
   "value": "//input[@type='date']"
}
[1723018369.470][INFO]: Waiting for pending navigations...
[1723018369.472][INFO]: Done waiting for pending navigations. Status: ok
[1723018369.492][INFO]: Waiting for pending navigations...
[1723018369.494][INFO]: Done waiting for pending navigations. Status: ok
[1723018369.494][INFO]: [7ef5e2645b7fc2f0467b1a5302b80ddf] RESPONSE FindElement {
   "element-6066-11e4-a52e-4f735466cecf": "f.624E921C8D0661DA68FA9D034400C343.d.A7FFC1F00A5D3358EC9381E14D412A00.e.48"
}
[1723018369.498][INFO]: [7ef5e2645b7fc2f0467b1a5302b80ddf] COMMAND TypeElement {
   "id": "f.624E921C8D0661DA68FA9D034400C343.d.A7FFC1F00A5D3358EC9381E14D412A00.e.48",
   "text": "31-07-2024",
   "value": [ "3", "1", "-", "0", "7", "-", "2", "0", "2", "4" ]
}
[1723018369.498][INFO]: Waiting for pending navigations...
[1723018369.499][INFO]: Done waiting for pending navigations. Status: ok
[1723018369.557][INFO]: Waiting for pending navigations...
[1723018369.558][INFO]: Done waiting for pending navigations. Status: ok
[1723018369.558][INFO]: [7ef5e2645b7fc2f0467b1a5302b80ddf] RESPONSE TypeElement
[1723018369.562][INFO]: [7ef5e2645b7fc2f0467b1a5302b80ddf] COMMAND PerformActions {
   "actions": [ {
      "actions": [ {
         "duration": 100,
         "origin": {
            "element-6066-11e4-a52e-4f735466cecf": "f.624E921C8D0661DA68FA9D034400C343.d.A7FFC1F00A5D3358EC9381E14D412A00.e.48"
         },
         "type": "pointerMove",
         "x": 0,
         "y": 0
      } ],
      "id": "default mouse",
      "parameters": {
         "pointerType": "mouse"
      },
      "type": "pointer"
   } ]
}
[1723018369.562][INFO]: Waiting for pending navigations...
[1723018369.562][INFO]: Done waiting for pending navigations. Status: ok
[1723018369.687][INFO]: Waiting for pending navigations...
[1723018369.689][INFO]: Done waiting for pending navigations. Status: ok
[1723018369.689][INFO]: [7ef5e2645b7fc2f0467b1a5302b80ddf] RESPONSE PerformActions
[1723018371.706][INFO]: [7ef5e2645b7fc2f0467b1a5302b80ddf] COMMAND FindElement {
   "using": "xpath",
   "value": "//input[@aria-label='Hour']"
}
[1723018371.706][INFO]: Waiting for pending navigations...
[1723018371.709][INFO]: Done waiting for pending navigations. Status: ok
[1723018371.740][INFO]: Waiting for pending navigations...
[1723018371.741][INFO]: Done waiting for pending navigations. Status: ok
[1723018371.741][INFO]: [7ef5e2645b7fc2f0467b1a5302b80ddf] RESPONSE FindElement {
   "element-6066-11e4-a52e-4f735466cecf": "f.624E921C8D0661DA68FA9D034400C343.d.A7FFC1F00A5D3358EC9381E14D412A00.e.7"
}
[1723018373.756][INFO]: [7ef5e2645b7fc2f0467b1a5302b80ddf] COMMAND FindElement {
   "using": "xpath",
   "value": "//input[@aria-label='Minute']"
}
[1723018373.756][INFO]: Waiting for pending navigations...
[1723018373.757][INFO]: Done waiting for pending navigations. Status: ok
[1723018373.765][INFO]: Waiting for pending navigations...
[1723018373.766][INFO]: Done waiting for pending navigations. Status: ok
[1723018373.766][INFO]: [7ef5e2645b7fc2f0467b1a5302b80ddf] RESPONSE FindElement {
   "element-6066-11e4-a52e-4f735466cecf": "f.624E921C8D0661DA68FA9D034400C343.d.A7FFC1F00A5D3358EC9381E14D412A00.e.8"
}
[1723018375.790][INFO]: [7ef5e2645b7fc2f0467b1a5302b80ddf] COMMAND TypeElement {
   "id": "f.624E921C8D0661DA68FA9D034400C343.d.A7FFC1F00A5D3358EC9381E14D412A00.e.7",
   "text": "13",
   "value": [ "1", "3" ]
}
[1723018375.790][INFO]: Waiting for pending navigations...
[1723018375.793][INFO]: Done waiting for pending navigations. Status: ok
[1723018375.925][INFO]: Waiting for pending navigations...
[1723018375.930][INFO]: Done waiting for pending navigations. Status: ok
[1723018375.930][INFO]: [7ef5e2645b7fc2f0467b1a5302b80ddf] RESPONSE TypeElement
[1723018377.943][INFO]: [7ef5e2645b7fc2f0467b1a5302b80ddf] COMMAND TypeElement {
   "id": "f.624E921C8D0661DA68FA9D034400C343.d.A7FFC1F00A5D3358EC9381E14D412A00.e.8",
   "text": "42",
   "value": [ "4", "2" ]
}
[1723018377.943][INFO]: Waiting for pending navigations...
[1723018377.944][INFO]: Done waiting for pending navigations. Status: ok
[1723018378.009][INFO]: Waiting for pending navigations...
[1723018378.010][INFO]: Done waiting for pending navigations. Status: ok
[1723018378.010][INFO]: [7ef5e2645b7fc2f0467b1a5302b80ddf] RESPONSE TypeElement
[1723018378.011][INFO]: [7ef5e2645b7fc2f0467b1a5302b80ddf] COMMAND FindElement {
   "using": "xpath",
   "value": "//span[text()='Submit']"
}
[1723018378.011][INFO]: Waiting for pending navigations...
[1723018378.012][INFO]: Done waiting for pending navigations. Status: ok
[1723018378.021][INFO]: Waiting for pending navigations...
[1723018378.023][INFO]: Done waiting for pending navigations. Status: ok
[1723018378.023][INFO]: [7ef5e2645b7fc2f0467b1a5302b80ddf] RESPONSE FindElement {
   "element-6066-11e4-a52e-4f735466cecf": "f.624E921C8D0661DA68FA9D034400C343.d.A7FFC1F00A5D3358EC9381E14D412A00.e.61"
}
[1723018378.025][INFO]: [7ef5e2645b7fc2f0467b1a5302b80ddf] COMMAND ClickElement {
   "id": "f.624E921C8D0661DA68FA9D034400C343.d.A7FFC1F00A5D3358EC9381E14D412A00.e.61"
}
[1723018378.025][INFO]: Waiting for pending navigations...
[1723018378.026][INFO]: Done waiting for pending navigations. Status: ok
[1723018378.061][INFO]: Waiting for pending navigations...
[1723018378.772][INFO]: Done waiting for pending navigations. Status: ok
[1723018378.772][INFO]: [7ef5e2645b7fc2f0467b1a5302b80ddf] RESPONSE ClickElement
[1723018380.779][INFO]: [7ef5e2645b7fc2f0467b1a5302b80ddf] COMMAND FindElement {
   "using": "xpath",
   "value": "//div[text()='Thanks for your response, Automation Wizard!']"
}
[1723018380.780][INFO]: Waiting for pending navigations...
[1723018380.782][INFO]: Done waiting for pending navigations. Status: ok
[1723018380.822][INFO]: Waiting for pending navigations...
[1723018380.825][INFO]: Done waiting for pending navigations. Status: ok
[1723018380.825][INFO]: [7ef5e2645b7fc2f0467b1a5302b80ddf] RESPONSE FindElement {
   "element-6066-11e4-a52e-4f735466cecf": "f.624E921C8D0661DA68FA9D034400C343.d.32A5E57543D4CE181B74019884CE2598.e.66"
}
[1723018380.828][INFO]: [7ef5e2645b7fc2f0467b1a5302b80ddf] COMMAND GetElementText {
   "id": "f.624E921C8D0661DA68FA9D034400C343.d.32A5E57543D4CE181B74019884CE2598.e.66"
}
[1723018380.828][INFO]: Waiting for pending navigations...
[1723018380.830][INFO]: Done waiting for pending navigations. Status: ok
[1723018380.844][INFO]: Waiting for pending navigations...
[1723018380.846][INFO]: Done waiting for pending navigations. Status: ok
[1723018380.846][INFO]: [7ef5e2645b7fc2f0467b1a5302b80ddf] RESPONSE GetElementText "Thanks for your response, Automation Wizard!"
[1723018380.855][INFO]: [7ef5e2645b7fc2f0467b1a5302b80ddf] COMMAND CloseWindow {
}
[1723018380.955][INFO]: [7ef5e2645b7fc2f0467b1a5302b80ddf] RESPONSE CloseWindow [  ]
